<?xml version="1.0" encoding="UTF-8"?>
<testng-results ignored="0" total="5" passed="5" failed="0" skipped="0">
  <reporter-output>
  </reporter-output>
  <suite started-at="2024-03-10T00:44:46 PST" name="Suite" finished-at="2024-03-10T00:47:05 PST" duration-ms="138451">
    <groups>
    </groups>
    <test started-at="2024-03-10T00:44:46 PST" name="Test" finished-at="2024-03-10T00:47:05 PST" duration-ms="138451">
      <class name="com.xyzbank.qa.testcases.TC001_HomepageTest">
        <test-method is-config="true" signature="setup()[pri:0, instance:com.xyzbank.qa.testcases.TC001_HomepageTest@27406a17]" started-at="2024-03-10T00:46:49 PST" name="setup" finished-at="2024-03-10T00:46:55 PST" duration-ms="5986" status="PASS">
          <reporter-output>
          </reporter-output>
        </test-method> <!-- setup -->
        <test-method signature="homePageTest()[pri:1, instance:com.xyzbank.qa.testcases.TC001_HomepageTest@27406a17]" started-at="2024-03-10T00:46:55 PST" name="homePageTest" finished-at="2024-03-10T00:46:56 PST" duration-ms="895" status="PASS">
          <reporter-output>
          </reporter-output>
        </test-method> <!-- homePageTest -->
        <test-method is-config="true" signature="teardownBrowser()[pri:0, instance:com.xyzbank.qa.testcases.TC001_HomepageTest@27406a17]" started-at="2024-03-10T00:46:56 PST" name="teardownBrowser" finished-at="2024-03-10T00:46:57 PST" duration-ms="700" status="PASS">
          <reporter-output>
          </reporter-output>
        </test-method> <!-- teardownBrowser -->
      </class> <!-- com.xyzbank.qa.testcases.TC001_HomepageTest -->
      <class name="com.xyzbank.qa.testcases.TC004_OpenNewAccountTest">
        <test-method is-config="true" signature="setup()[pri:0, instance:com.xyzbank.qa.testcases.TC004_OpenNewAccountTest@17f62e33]" started-at="2024-03-10T00:46:30 PST" name="setup" finished-at="2024-03-10T00:46:37 PST" duration-ms="7107" status="PASS">
          <reporter-output>
          </reporter-output>
        </test-method> <!-- setup -->
        <test-method signature="createAccount()[pri:3, instance:com.xyzbank.qa.testcases.TC004_OpenNewAccountTest@17f62e33]" started-at="2024-03-10T00:46:37 PST" name="createAccount" finished-at="2024-03-10T00:46:41 PST" duration-ms="3561" status="PASS">
          <reporter-output>
          </reporter-output>
        </test-method> <!-- createAccount -->
        <test-method is-config="true" signature="teardownBrowser()[pri:0, instance:com.xyzbank.qa.testcases.TC004_OpenNewAccountTest@17f62e33]" started-at="2024-03-10T00:46:41 PST" name="teardownBrowser" finished-at="2024-03-10T00:46:41 PST" duration-ms="348" status="PASS">
          <reporter-output>
          </reporter-output>
        </test-method> <!-- teardownBrowser -->
      </class> <!-- com.xyzbank.qa.testcases.TC004_OpenNewAccountTest -->
      <class name="com.xyzbank.qa.testcases.TC005_SearchCustomerTest">
        <test-method is-config="true" signature="setup()[pri:0, instance:com.xyzbank.qa.testcases.TC005_SearchCustomerTest@76b1e9b8]" started-at="2024-03-10T00:46:41 PST" name="setup" finished-at="2024-03-10T00:46:46 PST" duration-ms="4987" status="PASS">
          <reporter-output>
          </reporter-output>
        </test-method> <!-- setup -->
        <test-method signature="verifySearch()[pri:0, instance:com.xyzbank.qa.testcases.TC005_SearchCustomerTest@76b1e9b8]" started-at="2024-03-10T00:46:46 PST" name="verifySearch" finished-at="2024-03-10T00:46:49 PST" duration-ms="2561" status="PASS">
          <reporter-output>
          </reporter-output>
        </test-method> <!-- verifySearch -->
        <test-method is-config="true" signature="teardownBrowser()[pri:0, instance:com.xyzbank.qa.testcases.TC005_SearchCustomerTest@76b1e9b8]" started-at="2024-03-10T00:46:49 PST" name="teardownBrowser" finished-at="2024-03-10T00:46:49 PST" duration-ms="285" status="PASS">
          <reporter-output>
          </reporter-output>
        </test-method> <!-- teardownBrowser -->
      </class> <!-- com.xyzbank.qa.testcases.TC005_SearchCustomerTest -->
      <class name="com.xyzbank.qa.testcases.TC003_AddNewCustomerTest">
        <test-method is-config="true" signature="setup()[pri:0, instance:com.xyzbank.qa.testcases.TC003_AddNewCustomerTest@1e6a3214]" started-at="2024-03-10T00:44:46 PST" name="setup" finished-at="2024-03-10T00:46:26 PST" duration-ms="99418" status="PASS">
          <reporter-output>
          </reporter-output>
        </test-method> <!-- setup -->
        <test-method signature="verifyManagerLogin()[pri:0, instance:com.xyzbank.qa.testcases.TC003_AddNewCustomerTest@1e6a3214]" started-at="2024-03-10T00:46:26 PST" name="verifyManagerLogin" finished-at="2024-03-10T00:46:30 PST" duration-ms="3723" status="PASS">
          <reporter-output>
          </reporter-output>
        </test-method> <!-- verifyManagerLogin -->
        <test-method is-config="true" signature="teardownBrowser()[pri:0, instance:com.xyzbank.qa.testcases.TC003_AddNewCustomerTest@1e6a3214]" started-at="2024-03-10T00:46:30 PST" name="teardownBrowser" finished-at="2024-03-10T00:46:30 PST" duration-ms="463" status="PASS">
          <reporter-output>
          </reporter-output>
        </test-method> <!-- teardownBrowser -->
      </class> <!-- com.xyzbank.qa.testcases.TC003_AddNewCustomerTest -->
      <class name="com.xyzbank.qa.testcases.TC002_LoginTest">
        <test-method is-config="true" signature="setup()[pri:0, instance:com.xyzbank.qa.testcases.TC002_LoginTest@2af004b]" started-at="2024-03-10T00:46:57 PST" name="setup" finished-at="2024-03-10T00:47:01 PST" duration-ms="4222" status="PASS">
          <reporter-output>
          </reporter-output>
        </test-method> <!-- setup -->
        <test-method signature="verifyLogin()[pri:0, instance:com.xyzbank.qa.testcases.TC002_LoginTest@2af004b]" started-at="2024-03-10T00:47:01 PST" name="verifyLogin" finished-at="2024-03-10T00:47:04 PST" duration-ms="3299" status="PASS">
          <reporter-output>
          </reporter-output>
        </test-method> <!-- verifyLogin -->
        <test-method is-config="true" signature="teardownBrowser()[pri:0, instance:com.xyzbank.qa.testcases.TC002_LoginTest@2af004b]" started-at="2024-03-10T00:47:04 PST" name="teardownBrowser" finished-at="2024-03-10T00:47:05 PST" duration-ms="386" status="PASS">
          <reporter-output>
          </reporter-output>
        </test-method> <!-- teardownBrowser -->
      </class> <!-- com.xyzbank.qa.testcases.TC002_LoginTest -->
    </test> <!-- Test -->
  </suite> <!-- Suite -->
</testng-results>
